<?xml version="1.0" encoding="UTF-8"?>
<!-- Generated by org.testng.reporters.JUnitXMLReporter -->
<testsuite ignored="0" hostname="Abderrahmens-MacBook-Pro.local" failures="1" tests="7" name="Surefire test" time="215.035" errors="0" timestamp="19 Apr 2023 14:50:00 GMT">
  <testcase classname="com.rediff.qa.testcases.LoginTest" name="@BeforeMethod setup" time="186.682">
    <failure type="org.openqa.selenium.TimeoutException" message="java.util.concurrent.TimeoutException
Build info: version: &amp;apos;4.8.3&amp;apos;, revision: &amp;apos;e5e76298c3&amp;apos;
System info: os.name: &amp;apos;Mac OS X&amp;apos;, os.arch: &amp;apos;x86_64&amp;apos;, os.version: &amp;apos;13.2&amp;apos;, java.version: &amp;apos;20&amp;apos;
Driver info: org.openqa.selenium.chrome.ChromeDriver
Command: [d66d59964f88c3edef99bce992a7d4df, clickElement {id=011218fc-25a1-4b18-897c-cf709b6e8c4d}]
Capabilities {acceptInsecureCerts: false, browserName: chrome, browserVersion: 112.0.5615.121, chrome: {chromedriverVersion: 112.0.5615.49 (bd2a7bcb881c..., userDataDir: /var/folders/0j/z18n982j24d...}, goog:chromeOptions: {debuggerAddress: localhost:61779}, networkConnectionEnabled: false, pageLoadStrategy: normal, platformName: MAC, proxy: Proxy(), se:cdp: ws://localhost:61779/devtoo..., se:cdpVersion: 112.0.5615.121, setWindowRect: true, strictFileInteractability: false, timeouts: {implicit: 0, pageLoad: 300000, script: 30000}, unhandledPromptBehavior: dismiss and notify, webauthn:extension:credBlob: true, webauthn:extension:largeBlob: true, webauthn:extension:minPinLength: true, webauthn:extension:prf: true, webauthn:virtualAuthenticators: true}
Element: [[ChromeDriver: chrome on MAC (d66d59964f88c3edef99bce992a7d4df)] -&amp;gt; class name: signin]
Session ID: d66d59964f88c3edef99bce992a7d4df">
      <![CDATA[org.openqa.selenium.TimeoutException: java.util.concurrent.TimeoutException
Build info: version: '4.8.3', revision: 'e5e76298c3'
System info: os.name: 'Mac OS X', os.arch: 'x86_64', os.version: '13.2', java.version: '20'
Driver info: org.openqa.selenium.chrome.ChromeDriver
Command: [d66d59964f88c3edef99bce992a7d4df, clickElement {id=011218fc-25a1-4b18-897c-cf709b6e8c4d}]
Capabilities {acceptInsecureCerts: false, browserName: chrome, browserVersion: 112.0.5615.121, chrome: {chromedriverVersion: 112.0.5615.49 (bd2a7bcb881c..., userDataDir: /var/folders/0j/z18n982j24d...}, goog:chromeOptions: {debuggerAddress: localhost:61779}, networkConnectionEnabled: false, pageLoadStrategy: normal, platformName: MAC, proxy: Proxy(), se:cdp: ws://localhost:61779/devtoo..., se:cdpVersion: 112.0.5615.121, setWindowRect: true, strictFileInteractability: false, timeouts: {implicit: 0, pageLoad: 300000, script: 30000}, unhandledPromptBehavior: dismiss and notify, webauthn:extension:credBlob: true, webauthn:extension:largeBlob: true, webauthn:extension:minPinLength: true, webauthn:extension:prf: true, webauthn:virtualAuthenticators: true}
Element: [[ChromeDriver: chrome on MAC (d66d59964f88c3edef99bce992a7d4df)] -> class name: signin]
Session ID: d66d59964f88c3edef99bce992a7d4df
at org.openqa.selenium.remote.http.netty.NettyHttpHandler.makeCall(NettyHttpHandler.java:65)
at org.openqa.selenium.remote.http.AddSeleniumUserAgent.lambda$apply$0(AddSeleniumUserAgent.java:42)
at org.openqa.selenium.remote.http.Filter.lambda$andFinally$1(Filter.java:56)
at org.openqa.selenium.remote.http.netty.NettyHttpHandler.execute(NettyHttpHandler.java:49)
at org.openqa.selenium.remote.http.AddSeleniumUserAgent.lambda$apply$0(AddSeleniumUserAgent.java:42)
at org.openqa.selenium.remote.http.Filter.lambda$andFinally$1(Filter.java:56)
at org.openqa.selenium.remote.http.netty.NettyClient.execute(NettyClient.java:99)
at org.openqa.selenium.remote.HttpCommandExecutor.execute(HttpCommandExecutor.java:190)
at org.openqa.selenium.remote.service.DriverCommandExecutor.invokeExecute(DriverCommandExecutor.java:183)
at org.openqa.selenium.remote.service.DriverCommandExecutor.execute(DriverCommandExecutor.java:158)
at org.openqa.selenium.remote.RemoteWebDriver.execute(RemoteWebDriver.java:543)
at org.openqa.selenium.remote.RemoteWebElement.execute(RemoteWebElement.java:257)
at org.openqa.selenium.remote.RemoteWebElement.click(RemoteWebElement.java:78)
at com.rediff.qa.testcases.LoginTest.setup(LoginTest.java:33)
Caused by: java.util.concurrent.TimeoutException
at java.base/java.util.concurrent.CompletableFuture.timedGet(CompletableFuture.java:1960)
at java.base/java.util.concurrent.CompletableFuture.get(CompletableFuture.java:2095)
at org.asynchttpclient.netty.NettyResponseFuture.get(NettyResponseFuture.java:206)
at org.openqa.selenium.remote.http.netty.NettyHttpHandler.makeCall(NettyHttpHandler.java:59)
... 44 more
... Removed 31 stack frames]]>
    </failure>
  </testcase> <!-- @BeforeMethod setup -->
  <testcase classname="com.rediff.qa.testcases.LoginTest" name="@AfterMethod tearDown" time="0.0">
    <skipped/>
  </testcase> <!-- @AfterMethod tearDown -->
  <testcase classname="com.rediff.qa.testcases.LoginTest" name="@BeforeMethod setup" time="0.0">
    <skipped/>
  </testcase> <!-- @BeforeMethod setup -->
  <testcase classname="com.rediff.qa.testcases.LoginTest" name="@AfterMethod tearDown" time="0.0">
    <skipped/>
  </testcase> <!-- @AfterMethod tearDown -->
  <testcase classname="com.rediff.qa.testcases.LoginTest" name="@BeforeMethod setup" time="0.0">
    <skipped/>
  </testcase> <!-- @BeforeMethod setup -->
  <testcase classname="com.rediff.qa.testcases.LoginTest" name="@AfterMethod tearDown" time="0.0">
    <skipped/>
  </testcase> <!-- @AfterMethod tearDown -->
  <testcase classname="com.rediff.qa.testcases.LoginTest" name="@BeforeMethod setup" time="0.0">
    <skipped/>
  </testcase> <!-- @BeforeMethod setup -->
  <testcase classname="com.rediff.qa.testcases.LoginTest" name="@AfterMethod tearDown" time="0.0">
    <skipped/>
  </testcase> <!-- @AfterMethod tearDown -->
  <testcase classname="com.rediff.qa.testcases.LoginTest" name="@BeforeMethod setup" time="0.0">
    <skipped/>
  </testcase> <!-- @BeforeMethod setup -->
  <testcase classname="com.rediff.qa.testcases.LoginTest" name="@AfterMethod tearDown" time="0.0">
    <skipped/>
  </testcase> <!-- @AfterMethod tearDown -->
  <testcase classname="com.rediff.qa.testbase.CreateAccountTestCase" name="EnterAllCredantials" time="0.22">
    <failure type="java.lang.AssertionError">
      <![CDATA[java.lang.AssertionError: 
at com.rediff.qa.testbase.CreateAccountTestCase.EnterAllCredantials(CreateAccountTestCase.java:46)
... Removed 31 stack frames]]>
    </failure>
  </testcase> <!-- EnterAllCredantials -->
  <testcase classname="com.rediff.qa.testcases.LoginTest" name="verifyRediffLoginWithValidUsernameAndValidPassword" time="5.136"/>
  <testcase classname="com.rediff.qa.testcases.LoginTest" name="verifyRediffLoginWithInvalidUsernameAndInvalidPassword" time="0.0">
    <skipped/>
  </testcase> <!-- verifyRediffLoginWithInvalidUsernameAndInvalidPassword -->
  <testcase classname="com.rediff.qa.testcases.LoginTest" name="verifyRediffLoginWithValidUsernameAndInvalidPassword" time="0.0">
    <skipped/>
  </testcase> <!-- verifyRediffLoginWithValidUsernameAndInvalidPassword -->
  <testcase classname="com.rediff.qa.testcases.LoginTest" name="verifyRediffLoginWithEmptyUsernameAndValidPassword" time="0.0">
    <skipped/>
  </testcase> <!-- verifyRediffLoginWithEmptyUsernameAndValidPassword -->
  <testcase classname="com.rediff.qa.testcases.LoginTest" name="verifyRediffLoginWithCorrectUsernameAndEmptyPassword" time="0.0">
    <skipped/>
  </testcase> <!-- verifyRediffLoginWithCorrectUsernameAndEmptyPassword -->
  <testcase classname="com.rediff.qa.testcases.LoginTest" name="verifyRediffLoginWithEmptyUsernameAndEmptyPassword" time="0.0">
    <skipped/>
  </testcase> <!-- verifyRediffLoginWithEmptyUsernameAndEmptyPassword -->
</testsuite> <!-- Surefire test -->
