<?xml version="1.0" encoding="UTF-8"?>
<!-- Generated by org.testng.reporters.JUnitXMLReporter -->
<testsuite ignored="0" hostname="Abderrahmens-MacBook-Pro.local" failures="1" tests="4" name="LoginTestOne" time="0.022" errors="0" timestamp="15 Apr 2023 21:52:04 GMT">
  <testcase classname="listeners.LoginTest" name="loginByInsragram" time="0.007"/>
  <testcase classname="listeners.LoginTest" name="loginByFacebook" time="0.0">
    <failure type="java.lang.AssertionError" message="expected:&amp;lt;Pavan&amp;gt; but was:&amp;lt;Kumar&amp;gt;">
      <![CDATA[java.lang.AssertionError: expected:<Pavan> but was:<Kumar>
at listeners.LoginTest.loginByFacebook(LoginTest.java:18)
... Removed 27 stack frames]]>
    </failure>
  </testcase> <!-- loginByFacebook -->
  <testcase classname="listeners.LoginTest" name="loginByEmail" time="0.001"/>
  <testcase classname="listeners.LoginTest" name="loginByTwitter" time="0.001"/>
</testsuite> <!-- LoginTestOne -->
