<?xml version="1.0" encoding="UTF-8"?>
<!-- Generated by org.testng.reporters.JUnitXMLReporter -->
<testsuite hostname="Abderrahmens-MacBook-Pro.local" ignored="5" name="Test" tests="3" failures="2" timestamp="19 Apr 2023 05:04:46 GMT" time="23.604" errors="0">
  <testcase name="EnterAllCredantials" time="0.223" classname="com.rediff.qa.testbase.CreateAccountTestCase">
    <failure type="java.lang.AssertionError">
      <![CDATA[java.lang.AssertionError: 
at com.rediff.qa.testbase.CreateAccountTestCase.EnterAllCredantials(CreateAccountTestCase.java:46)
... Removed 28 stack frames]]>
    </failure>
  </testcase> <!-- EnterAllCredantials -->
  <testcase name="gettoLogInString" time="0.0" classname="com.rediff.qa.trial.TutorialsNinjaClassDataProvider">
    <skipped/>
  </testcase> <!-- gettoLogInString -->
  <testcase name="verifyRediffLoginWithValidUsernameAndValidPassword" time="0.039" classname="com.rediff.qa.testcases.LoginTest">
    <failure type="org.openqa.selenium.NoSuchElementException" message="Unable to find element with locator By.id: login1
For documentation on this error, please visit: https://selenium.dev/exceptions/#no_such_element
Build info: version: &amp;apos;4.8.3&amp;apos;, revision: &amp;apos;e5e76298c3&amp;apos;
System info: os.name: &amp;apos;Mac OS X&amp;apos;, os.arch: &amp;apos;x86_64&amp;apos;, os.version: &amp;apos;13.2&amp;apos;, java.version: &amp;apos;1.8.0_361&amp;apos;
Driver info: driver.version: RemoteWebDriver">
      <![CDATA[org.openqa.selenium.NoSuchElementException: Unable to find element with locator By.id: login1
For documentation on this error, please visit: https://selenium.dev/exceptions/#no_such_element
Build info: version: '4.8.3', revision: 'e5e76298c3'
System info: os.name: 'Mac OS X', os.arch: 'x86_64', os.version: '13.2', java.version: '1.8.0_361'
Driver info: driver.version: RemoteWebDriver
at org.openqa.selenium.remote.ElementLocation$ElementFinder$2.findElement(ElementLocation.java:165)
at org.openqa.selenium.remote.ElementLocation.findElement(ElementLocation.java:66)
at org.openqa.selenium.remote.RemoteWebDriver.findElement(RemoteWebDriver.java:352)
at org.openqa.selenium.remote.RemoteWebDriver.findElement(RemoteWebDriver.java:344)
at com.rediff.qa.testcases.LoginTest.verifyRediffLoginWithValidUsernameAndValidPassword(LoginTest.java:40)
... Removed 25 stack frames]]>
    </failure>
  </testcase> <!-- verifyRediffLoginWithValidUsernameAndValidPassword -->
  <testcase name="verifyRediffLoginWithValidUsernameAndInvalidPassword" time="0.0" classname="com.rediff.qa.testcases.LoginTest">
    <ignored/>
  </testcase> <!-- verifyRediffLoginWithValidUsernameAndInvalidPassword -->
  <testcase name="verifyRediffLoginWithEmptyUsernameAndValidPassword" time="0.0" classname="com.rediff.qa.testcases.LoginTest">
    <ignored/>
  </testcase> <!-- verifyRediffLoginWithEmptyUsernameAndValidPassword -->
  <testcase name="verifyRediffLoginWithEmptyUsernameAndEmptyPassword" time="0.0" classname="com.rediff.qa.testcases.LoginTest">
    <ignored/>
  </testcase> <!-- verifyRediffLoginWithEmptyUsernameAndEmptyPassword -->
  <testcase name="verifyRediffLoginWithInvalidUsernameAndInvalidPassword" time="0.0" classname="com.rediff.qa.testcases.LoginTest">
    <ignored/>
  </testcase> <!-- verifyRediffLoginWithInvalidUsernameAndInvalidPassword -->
  <testcase name="verifyRediffLoginWithCorrectUsernameAndEmptyPassword" time="0.0" classname="com.rediff.qa.testcases.LoginTest">
    <ignored/>
  </testcase> <!-- verifyRediffLoginWithCorrectUsernameAndEmptyPassword -->
</testsuite> <!-- Test -->
